#include "inkey.ch"
Error in line 1: Syntax error.
local mlayar2:=savescreen(),mcolor2:=setcolor()
Error in line 2: Unrecognized command verb.
local hal:=no:=0,baris
Error in line 3: Unrecognized command verb.
local mjudul:="DAFTAR PEMILIH PEMILIHAN KETUA HIMTI PERIODE 1999/2000"
Error in line 4: Unrecognized command verb.
local mjudul1:="STMIK BUDI LUHUR",garis:=repl("-",78)
Error in line 5: Unrecognized command verb.
use pemilih index pemilih new
Error in line 7: Unrecognized phrase/keyword in command.
cekprint()
Error in line 8: Unrecognized command verb.
hal++
Error in line 17: Unrecognized command verb.
baris:=6
Error in line 24: Unrecognized command verb.
no++
Error in line 26: Unrecognized command verb.
baris++
Error in line 30: Unrecognized command verb.
restscreen(mlayar2)
Error in line 36: Unrecognized command verb.
setcolor(mcolor2)
Error in line 37: Unrecognized command verb.
local mscreen:=savescreen(),mcolor:=setcolor(),X
Error in line 42: Unrecognized command verb.
setcolor("w/b")
Error in line 45: Unrecognized command verb.
tone(700,1)
Error in line 51: Unrecognized command verb.
tone(500,2)
Error in line 52: Unrecognized command verb.
x:=inkey(2)
Error in line 53: Unrecognized command verb.
break
Error in line 55: Unrecognized command verb.
restscreen(,,,,mscreen)
Error in line 59: Unrecognized command verb.
setcolor(mcolor)
Error in line 60: Unrecognized command verb.
